<?xml version="1.0" encoding="UTF-8"?>
<!-- Generated by org.testng.reporters.JUnitReportReporter -->
<testsuite hostname="Sarvesh" failures="0" tests="1" name="Orange_Hrm.Login" time="6.082" errors="0" timestamp="2024-02-29T12:06:53 IST" skipped="0">
  <testcase classname="Orange_Hrm.Login" name="LoginTest" time="6.082"/>
  <system-out/>
</testsuite> <!-- Orange_Hrm.Login -->
