<?xml version="1.0" encoding="UTF-8"?>
<!-- Generated by org.testng.reporters.JUnitReportReporter -->
<testsuite hostname="Sarvesh" failures="0" tests="1" name="Manipal_Orange_HRN.project.orange_HRM_Test_NG.Delete" time="12.269" errors="0" timestamp="2024-02-29T17:35:01 IST" skipped="0">
  <testcase classname="Manipal_Orange_HRN.project.orange_HRM_Test_NG.Delete" name="LoginTest" time="12.269"/>
  <system-out/>
</testsuite> <!-- Manipal_Orange_HRN.project.orange_HRM_Test_NG.Delete -->
