<?xml version="1.0" encoding="UTF-8"?>
<!-- Generated by org.testng.reporters.JUnitReportReporter -->
<testsuite hostname="Sarvesh" failures="0" tests="1" name="Manipal_Orange_HRN.project.orange_HRM_Test_NG.File_upload_immigration" time="10.608" errors="0" timestamp="2024-02-29T17:35:01 IST" skipped="0">
  <testcase classname="Manipal_Orange_HRN.project.orange_HRM_Test_NG.File_upload_immigration" name="LoginTest" time="10.608"/>
  <system-out/>
</testsuite> <!-- Manipal_Orange_HRN.project.orange_HRM_Test_NG.File_upload_immigration -->
