<?xml version="1.0" encoding="UTF-8"?>
<!-- Generated by org.testng.reporters.JUnitReportReporter -->
<testsuite hostname="Sarvesh" failures="0" tests="1" name="Orange_Hrm.Immigration" time="8.780" errors="0" timestamp="2024-02-29T12:07:58 IST" skipped="0">
  <testcase classname="Orange_Hrm.Immigration" name="LoginTest" time="8.780"/>
  <system-out/>
</testsuite> <!-- Orange_Hrm.Immigration -->
