<?xml version="1.0" encoding="UTF-8"?>
<!-- Generated by org.testng.reporters.JUnitReportReporter -->
<testsuite hostname="Sarvesh" failures="0" tests="1" name="Manipal_Orange_HRN.project.orange_HRM_Test_NG.Immigration" time="12.230" errors="0" timestamp="2024-02-29T17:36:39 IST" skipped="0">
  <testcase classname="Manipal_Orange_HRN.project.orange_HRM_Test_NG.Immigration" name="LoginTest" time="12.230"/>
  <system-out/>
</testsuite> <!-- Manipal_Orange_HRN.project.orange_HRM_Test_NG.Immigration -->
